0 info it worked if it ends with ok
1 verbose cli [ 'C:\\Program Files\\nodejs\\node.exe',
1 verbose cli   'C:\\Users\\Brent\\AppData\\Roaming\\npm\\node_modules\\npm\\bin\\npm-cli.js',
1 verbose cli   'run',
1 verbose cli   'build' ]
2 info using npm@3.10.7
3 info using node@v6.2.2
4 verbose run-script [ 'prebuild', 'build', 'postbuild' ]
5 info lifecycle messagecraft@~prebuild: messagecraft@
6 verbose lifecycle messagecraft@~prebuild: unsafe-perm in lifecycle true
7 verbose lifecycle messagecraft@~prebuild: PATH: C:\Users\Brent\AppData\Roaming\npm\node_modules\npm\bin\node-gyp-bin;D:\Sites\MessageCraft\node_modules\.bin;C:\ProgramData\Oracle\Java\javapath;C:\Program Files (x86)\Intel\iCLS Client\;C:\Program Files\Intel\iCLS Client\;C:\Windows\system32;C:\Windows;C:\Windows\System32\Wbem;C:\Windows\System32\WindowsPowerShell\v1.0\;C:\Program Files (x86)\Windows Live\Shared;C:\Program Files\Intel\Intel(R) Management Engine Components\DAL;C:\Program Files\Intel\Intel(R) Management Engine Components\IPT;C:\Program Files (x86)\Intel\Intel(R) Management Engine Components\DAL;C:\Program Files (x86)\Intel\Intel(R) Management Engine Components\IPT;C:\Program Files\Calibre2\;C:\MinGW\bin;C:\MinGW\MSYS\1.0\bin;C:\Program Files\Common Files\Autodesk Shared\;C:\Program Files (x86)\Autodesk\Backburner\;C:\cygwin64\bin\;C:\Program Files (x86)\NVIDIA Corporation\PhysX\Common;C:\Program Files (x86)\PharosSystems\Core;C:\WINDOWS\system32;C:\WINDOWS;C:\WINDOWS\System32\Wbem;C:\WINDOWS\System32\WindowsPowerShell\v1.0\;C:\Users\Brent\AppData\Local\Android\android-sdk\tools;C:\Users\Brent\AppData\Local\Android\android-sdk\platform-tools;C:\Program Files\Microsoft SQL Server\110\Tools\Binn\;C:\Users\Brent\AppData\Local\GitHub\PortableGit_d93ee8917cfa9add886773e6be9ec08609a502b6\cmd;C:\Program Files (x86)\GtkSharp\2.12\bin;C:\Program Files (x86)\Skype\Phone\;C:\Program Files\Git\cmd;C:\Program Files\nodejs\;C:\Program Files (x86)\Windows Kits\8.1\Windows Performance Toolkit\;C:\Program Files (x86)\QuickTime\QTSystem\;C:\Program Files\Git LFS;C:\wamp64\bin\php\php5.6.25;C:\ProgramData\ComposerSetup\bin;C:\Program Files (x86)\Brackets\command;C:\Users\Brent\AppData\Roaming\npm;C:\Users\Brent\AppData\Local\Microsoft\WindowsApps;C:\Users\Brent\AppData\Roaming\Composer\vendor\bin
8 verbose lifecycle messagecraft@~prebuild: CWD: D:\Sites\MessageCraft
9 silly lifecycle messagecraft@~prebuild: Args: [ '/d /s /c', 'npm run lint;' ]
10 silly lifecycle messagecraft@~prebuild: Returned: code: 1  signal: null
11 info lifecycle messagecraft@~prebuild: Failed to exec prebuild script
12 verbose stack Error: messagecraft@ prebuild: `npm run lint;`
12 verbose stack Exit status 1
12 verbose stack     at EventEmitter.<anonymous> (C:\Users\Brent\AppData\Roaming\npm\node_modules\npm\lib\utils\lifecycle.js:255:16)
12 verbose stack     at emitTwo (events.js:106:13)
12 verbose stack     at EventEmitter.emit (events.js:191:7)
12 verbose stack     at ChildProcess.<anonymous> (C:\Users\Brent\AppData\Roaming\npm\node_modules\npm\lib\utils\spawn.js:40:14)
12 verbose stack     at emitTwo (events.js:106:13)
12 verbose stack     at ChildProcess.emit (events.js:191:7)
12 verbose stack     at maybeClose (internal/child_process.js:852:16)
12 verbose stack     at Process.ChildProcess._handle.onexit (internal/child_process.js:215:5)
13 verbose pkgid messagecraft@
14 verbose cwd D:\Sites\MessageCraft
15 error Windows_NT 10.0.14393
16 error argv "C:\\Program Files\\nodejs\\node.exe" "C:\\Users\\Brent\\AppData\\Roaming\\npm\\node_modules\\npm\\bin\\npm-cli.js" "run" "build"
17 error node v6.2.2
18 error npm  v3.10.7
19 error code ELIFECYCLE
20 error messagecraft@ prebuild: `npm run lint;`
20 error Exit status 1
21 error Failed at the messagecraft@ prebuild script 'npm run lint;'.
21 error Make sure you have the latest version of node.js and npm installed.
21 error If you do, this is most likely a problem with the messagecraft package,
21 error not with npm itself.
21 error Tell the author that this fails on your system:
21 error     npm run lint;
21 error You can get information on how to open an issue for this project with:
21 error     npm bugs messagecraft
21 error Or if that isn't available, you can get their info via:
21 error     npm owner ls messagecraft
21 error There is likely additional logging output above.
22 verbose exit [ 1, true ]
